running develop
running egg_info
creating amr_control.egg-info
writing amr_control.egg-info/PKG-INFO
writing dependency_links to amr_control.egg-info/dependency_links.txt
writing entry points to amr_control.egg-info/entry_points.txt
writing requirements to amr_control.egg-info/requires.txt
writing top-level names to amr_control.egg-info/top_level.txt
writing manifest file 'amr_control.egg-info/SOURCES.txt'
reading manifest file 'amr_control.egg-info/SOURCES.txt'
writing manifest file 'amr_control.egg-info/SOURCES.txt'
running build_ext
Creating /home/thang/NCKH/BSMC--WMR-main/ros2_ws/install/amr_control/lib/python3.10/site-packages/amr-control.egg-link (link to .)
Installing bsmc_circle script to /home/thang/NCKH/BSMC--WMR-main/ros2_ws/install/amr_control/lib/amr_control
Installing bsmc_controller script to /home/thang/NCKH/BSMC--WMR-main/ros2_ws/install/amr_control/lib/amr_control
Installing bsmc_eight script to /home/thang/NCKH/BSMC--WMR-main/ros2_ws/install/amr_control/lib/amr_control
Installing camera_node script to /home/thang/NCKH/BSMC--WMR-main/ros2_ws/install/amr_control/lib/amr_control
Installing robot_serial_bridge script to /home/thang/NCKH/BSMC--WMR-main/ros2_ws/install/amr_control/lib/amr_control
Installing state_bridge script to /home/thang/NCKH/BSMC--WMR-main/ros2_ws/install/amr_control/lib/amr_control

Installed /home/thang/NCKH/BSMC--WMR-main/ros2_ws/build/amr_control
running symlink_data
creating /home/thang/NCKH/BSMC--WMR-main/ros2_ws/install/amr_control/share/ament_index
creating /home/thang/NCKH/BSMC--WMR-main/ros2_ws/install/amr_control/share/ament_index/resource_index
creating /home/thang/NCKH/BSMC--WMR-main/ros2_ws/install/amr_control/share/ament_index/resource_index/packages
symbolically linking /home/thang/NCKH/BSMC--WMR-main/ros2_ws/build/amr_control/resource/amr_control -> /home/thang/NCKH/BSMC--WMR-main/ros2_ws/install/amr_control/share/ament_index/resource_index/packages
symbolically linking /home/thang/NCKH/BSMC--WMR-main/ros2_ws/build/amr_control/package.xml -> /home/thang/NCKH/BSMC--WMR-main/ros2_ws/install/amr_control/share/amr_control
creating /home/thang/NCKH/BSMC--WMR-main/ros2_ws/install/amr_control/share/amr_control/launch
creating /home/thang/NCKH/BSMC--WMR-main/ros2_ws/install/amr_control/share/amr_control/config
symbolically linking /home/thang/NCKH/BSMC--WMR-main/ros2_ws/build/amr_control/config/ekf.yaml -> /home/thang/NCKH/BSMC--WMR-main/ros2_ws/install/amr_control/share/amr_control/config
